  DeriveTest.cpp
C:\Users\User\Documents\GitHub\reflect\Project11\Project11\ObjectReflector.h(45,3): warning C4984: 'if constexpr'은 C++17 언어 확장입니다.
C:\Users\User\Documents\GitHub\reflect\Project11\Project11\ObjectReflector.h(43,2): message : 이 진단은 컴파일러 생성 함수 'ObjectReflector::ObjectReflector(void (__cdecl *)(ObjectReflector *),TARGS *...)'에서 수행되었습니다.
C:\Users\User\Documents\GitHub\reflect\Project11\Project11\ObjectReflector.h(85,3): warning C4984: 'if constexpr'은 C++17 언어 확장입니다.
C:\Users\User\Documents\GitHub\reflect\Project11\Project11\ObjectReflector.h(83,7): message : 이 진단은 컴파일러 생성 함수 'void ObjectReflector::registerProperty(std::string,int)'에서 수행되었습니다.
  GarbageCollector.cpp
C:\Users\User\Documents\GitHub\reflect\Project11\Project11\ObjectReflector.h(45,3): warning C4984: 'if constexpr'은 C++17 언어 확장입니다.
C:\Users\User\Documents\GitHub\reflect\Project11\Project11\ObjectReflector.h(43,2): message : 이 진단은 컴파일러 생성 함수 'ObjectReflector::ObjectReflector(void (__cdecl *)(ObjectReflector *),TARGS *...)'에서 수행되었습니다.
C:\Users\User\Documents\GitHub\reflect\Project11\Project11\ObjectReflector.h(85,3): warning C4984: 'if constexpr'은 C++17 언어 확장입니다.
C:\Users\User\Documents\GitHub\reflect\Project11\Project11\ObjectReflector.h(83,7): message : 이 진단은 컴파일러 생성 함수 'void ObjectReflector::registerProperty(std::string,int)'에서 수행되었습니다.
C:\Users\User\Documents\GitHub\reflect\Project11\Project11\GarbageCollector.cpp(135,8): warning C4267: '초기화 중': 'size_t'에서 'int'(으)로 변환하면서 데이터가 손실될 수 있습니다.
C:\Users\User\Documents\GitHub\reflect\Project11\Project11\GarbageCollector.cpp(240,11): warning C4267: '초기화 중': 'size_t'에서 'int'(으)로 변환하면서 데이터가 손실될 수 있습니다.
  Reflection.cpp
C:\Users\User\Documents\GitHub\reflect\Project11\Project11\ObjectReflector.h(45,3): warning C4984: 'if constexpr'은 C++17 언어 확장입니다.
C:\Users\User\Documents\GitHub\reflect\Project11\Project11\ObjectReflector.h(43,2): message : 이 진단은 컴파일러 생성 함수 'ObjectReflector::ObjectReflector(void (__cdecl *)(ObjectReflector *),TARGS *...)'에서 수행되었습니다.
C:\Users\User\Documents\GitHub\reflect\Project11\Project11\ObjectReflector.h(85,3): warning C4984: 'if constexpr'은 C++17 언어 확장입니다.
C:\Users\User\Documents\GitHub\reflect\Project11\Project11\ObjectReflector.h(83,7): message : 이 진단은 컴파일러 생성 함수 'void ObjectReflector::registerProperty(std::string,int)'에서 수행되었습니다.
  TestClass.cpp
C:\Users\User\Documents\GitHub\reflect\Project11\Project11\ObjectReflector.h(45,3): warning C4984: 'if constexpr'은 C++17 언어 확장입니다.
C:\Users\User\Documents\GitHub\reflect\Project11\Project11\ObjectReflector.h(43,2): message : 이 진단은 컴파일러 생성 함수 'ObjectReflector::ObjectReflector(void (__cdecl *)(ObjectReflector *),TARGS *...)'에서 수행되었습니다.
C:\Users\User\Documents\GitHub\reflect\Project11\Project11\ObjectReflector.h(85,3): warning C4984: 'if constexpr'은 C++17 언어 확장입니다.
C:\Users\User\Documents\GitHub\reflect\Project11\Project11\ObjectReflector.h(83,7): message : 이 진단은 컴파일러 생성 함수 'void ObjectReflector::registerProperty(std::string,int)'에서 수행되었습니다.
  main.cpp
C:\Users\User\Documents\GitHub\reflect\Project11\Project11\ObjectReflector.h(45,3): warning C4984: 'if constexpr'은 C++17 언어 확장입니다.
C:\Users\User\Documents\GitHub\reflect\Project11\Project11\ObjectReflector.h(43,2): message : 이 진단은 컴파일러 생성 함수 'ObjectReflector::ObjectReflector(void (__cdecl *)(ObjectReflector *),TARGS *...)'에서 수행되었습니다.
C:\Users\User\Documents\GitHub\reflect\Project11\Project11\ObjectReflector.h(85,3): warning C4984: 'if constexpr'은 C++17 언어 확장입니다.
C:\Users\User\Documents\GitHub\reflect\Project11\Project11\ObjectReflector.h(83,7): message : 이 진단은 컴파일러 생성 함수 'void ObjectReflector::registerProperty(std::string,int)'에서 수행되었습니다.
  코드를 생성하고 있습니다.
  2 of 1410 functions ( 0.1%) were compiled, the rest were copied from previous compilation.
    0 functions were new in current compilation
    5 functions had inline decision re-evaluated but remain unchanged
  코드를 생성했습니다.
  Project11.vcxproj -> C:\Users\User\Documents\GitHub\reflect\Project11\x64\Release\Project11.exe
  'pwsh.exe'은(는) 내부 또는 외부 명령, 실행할 수 있는 프로그램, 또는
  배치 파일이 아닙니다.
